<?xml version="1.0" encoding="UTF-8"?>
<!-- Generated by org.testng.reporters.JUnitXMLReporter -->
<testsuite ignored="0" hostname="DDC4-L-HT1CFW2" failures="0" tests="3" name="Test" time="0.052" errors="0" timestamp="2022-04-02T01:28:06 IST">
  <testcase classname="qaclickacademy.SeleniumTest" name="SelenoumTest" time="0.008"/>
  <testcase classname="qaclickacademy.SeleniumTest" name="elementsui" time="0.001"/>
  <testcase classname="qaclickacademy.AppiumTest" name="appium" time="0.0"/>
</testsuite> <!-- Test -->
