<?xml version="1.0" encoding="UTF-8"?>
<!-- Generated by org.testng.reporters.JUnitXMLReporter -->
<testsuite hostname="DDC4-L-HT1CFW2" ignored="0" name="Test" tests="3" failures="0" timestamp="2022-04-26T03:22:03 IST" time="0.079" errors="0">
  <testcase name="appium" time="0.007" classname="qaclickacademy.AppiumTest"/>
  <testcase name="SelenoumTest" time="0.008" classname="qaclickacademy.SeleniumTest"/>
  <testcase name="elementsui" time="0.0" classname="qaclickacademy.SeleniumTest"/>
</testsuite> <!-- Test -->
